<?xml version="1.0" encoding="UTF-8"?>
<!-- Generated by org.testng.reporters.JUnitReportReporter -->
<testsuite skipped="0" hostname="LTBR28217" name="test.LoginTest" tests="1" failures="0" timestamp="02 Dec 2018 01:04:49 GMT" time="8.792" errors="0">
  <testcase name="teste" time="8.792" classname="test.LoginTest"/>
</testsuite> <!-- test.LoginTest -->
