<?xml version="1.0" encoding="UTF-8"?>
<!-- Generated by org.testng.reporters.JUnitReportReporter -->
<testsuite skipped="0" hostname="LTBR28217" name="Desafio.eCore" tests="1" failures="0" timestamp="02 Dec 2018 00:30:14 GMT" time="20.304" errors="0">
  <testcase name="Before" time="20.304" classname="Desafio.eCore"/>
</testsuite> <!-- Desafio.eCore -->
