<?xml version="1.0" encoding="UTF-8"?>
<!-- Generated by org.testng.reporters.JUnitReportReporter -->
<testsuite skipped="0" hostname="LTBR28217" name="test.DesafioTest" tests="1" failures="0" timestamp="02 Dec 2018 19:36:16 GMT" time="39.629" errors="0">
  <testcase name="test" time="39.629" classname="test.DesafioTest"/>
</testsuite> <!-- test.DesafioTest -->
